<?xml version="1.0" encoding="UTF-8"?>
<!-- Generated by org.testng.reporters.JUnitReportReporter -->
<testsuite hostname="DESKTOP-U9BEVS1" failures="0" tests="1" name="A_A_A_A_A_A_A_A_A_A_jenkin.jenkins_integration" time="5.871" errors="0" timestamp="2021-07-08T08:51:16 IST" skipped="0">
  <testcase classname="A_A_A_A_A_A_A_A_A_A_jenkin.jenkins_integration" name="login" time="5.871"/>
  <system-out/>
</testsuite> <!-- A_A_A_A_A_A_A_A_A_A_jenkin.jenkins_integration -->
